14.01.2025 11:28:10,694 INFO  LoginPage:33 - Username is entered in username text box
14.01.2025 11:28:10,784 INFO  LoginPage:36 - Pssword is entered in Password text box
14.01.2025 11:28:10,878 INFO  LoginPage:39 - Login button is clicked.
14.01.2025 11:28:12,862 INFO  HomePage:40 - profile Picture button is clicked.
14.01.2025 11:28:14,902 INFO  HomePage:43 - Logout link is cliked.
14.01.2025 11:56:25,866 INFO  LoginPage:33 - Username is entered in username text box
14.01.2025 11:56:25,960 INFO  LoginPage:36 - Pssword is entered in Password text box
14.01.2025 11:56:26,038 INFO  LoginPage:39 - Login button is clicked.
14.01.2025 11:56:28,226 INFO  HomePage:40 - profile Picture button is clicked.
14.01.2025 11:56:29,645 INFO  HomePage:43 - Logout link is cliked.
14.01.2025 12:12:09,024 INFO  LoginPage:33 - Username is entered in username text box
14.01.2025 12:12:09,149 INFO  LoginPage:36 - Pssword is entered in Password text box
14.01.2025 12:12:09,289 INFO  LoginPage:39 - Login button is clicked.
14.01.2025 12:12:11,285 INFO  HomePage:40 - profile Picture button is clicked.
14.01.2025 12:12:12,817 INFO  HomePage:43 - Logout link is cliked.
14.01.2025 12:19:06,905 INFO  LoginPage:33 - Username is entered in username text box
14.01.2025 12:19:07,025 INFO  LoginPage:36 - Pssword is entered in Password text box
14.01.2025 12:19:07,163 INFO  LoginPage:39 - Login button is clicked.
14.01.2025 12:19:09,000 INFO  HomePage:40 - profile Picture button is clicked.
14.01.2025 12:19:10,407 INFO  HomePage:43 - Logout link is cliked.
14.01.2025 12:26:44,236 INFO  LoginPage:33 - Username is entered in username text box
14.01.2025 12:26:44,330 INFO  LoginPage:36 - Pssword is entered in Password text box
14.01.2025 12:26:44,439 INFO  LoginPage:39 - Login button is clicked.
14.01.2025 12:26:46,548 INFO  HomePage:40 - profile Picture button is clicked.
14.01.2025 12:26:48,084 INFO  HomePage:43 - Logout link is cliked.
14.01.2025 14:27:16,126 INFO  LoginPage:33 - Username is entered in username text box
14.01.2025 14:27:16,220 INFO  LoginPage:36 - Pssword is entered in Password text box
14.01.2025 14:27:16,313 INFO  LoginPage:39 - Login button is clicked.
14.01.2025 14:27:18,370 INFO  HomePage:40 - profile Picture button is clicked.
14.01.2025 14:27:20,556 INFO  HomePage:43 - Logout link is cliked.
14.01.2025 14:35:22,419 INFO  LoginPage:33 - Username is entered in username text box
14.01.2025 14:35:22,513 INFO  LoginPage:36 - Pssword is entered in Password text box
14.01.2025 14:35:22,622 INFO  LoginPage:39 - Login button is clicked.
14.01.2025 14:35:24,849 INFO  HomePage:40 - profile Picture button is clicked.
14.01.2025 14:35:26,295 INFO  HomePage:43 - Logout link is cliked.
14.01.2025 14:38:20,660 INFO  LoginPage:33 - Username is entered in username text box
14.01.2025 14:38:20,752 INFO  LoginPage:36 - Pssword is entered in Password text box
14.01.2025 14:38:20,836 INFO  LoginPage:39 - Login button is clicked.
14.01.2025 14:38:22,658 INFO  HomePage:40 - profile Picture button is clicked.
14.01.2025 14:38:23,949 INFO  HomePage:43 - Logout link is cliked.
14.01.2025 14:48:59,799 INFO  LoginPage:33 - Username is entered in username text box
14.01.2025 14:48:59,890 INFO  LoginPage:36 - Pssword is entered in Password text box
14.01.2025 14:48:59,968 INFO  LoginPage:39 - Login button is clicked.
14.01.2025 14:49:57,815 INFO  LoginPage:33 - Username is entered in username text box
14.01.2025 14:49:57,911 INFO  LoginPage:36 - Pssword is entered in Password text box
14.01.2025 14:49:57,999 INFO  LoginPage:39 - Login button is clicked.
14.01.2025 14:50:00,095 INFO  HomePage:40 - profile Picture button is clicked.
14.01.2025 14:50:01,888 INFO  HomePage:43 - Logout link is cliked.
14.01.2025 14:51:45,053 INFO  LoginPage:33 - Username is entered in username text box
14.01.2025 14:51:45,133 INFO  LoginPage:36 - Pssword is entered in Password text box
14.01.2025 14:51:45,227 INFO  LoginPage:39 - Login button is clicked.
14.01.2025 14:55:30,020 INFO  LoginPage:33 - Username is entered in username text box
14.01.2025 14:55:30,114 INFO  LoginPage:36 - Pssword is entered in Password text box
14.01.2025 14:55:30,223 INFO  LoginPage:39 - Login button is clicked.
14.01.2025 14:55:32,383 INFO  HomePage:40 - profile Picture button is clicked.
14.01.2025 14:55:34,283 INFO  HomePage:43 - Logout link is cliked.
14.01.2025 14:57:07,076 INFO  LoginPage:33 - Username is entered in username text box
14.01.2025 14:57:07,154 INFO  LoginPage:36 - Pssword is entered in Password text box
14.01.2025 14:57:07,248 INFO  LoginPage:39 - Login button is clicked.
14.01.2025 14:57:09,202 INFO  HomePage:40 - profile Picture button is clicked.
14.01.2025 14:57:10,591 INFO  HomePage:43 - Logout link is cliked.
14.01.2025 14:58:46,704 INFO  LoginPage:33 - Username is entered in username text box
14.01.2025 14:58:46,798 INFO  LoginPage:36 - Pssword is entered in Password text box
14.01.2025 14:58:46,881 INFO  LoginPage:39 - Login button is clicked.
14.01.2025 14:58:50,505 INFO  HomePage:40 - profile Picture button is clicked.
14.01.2025 14:58:54,203 INFO  HomePage:43 - Logout link is cliked.
14.01.2025 15:00:47,551 INFO  LoginPage:33 - Username is entered in username text box
14.01.2025 15:00:47,645 INFO  LoginPage:36 - Pssword is entered in Password text box
14.01.2025 15:00:47,735 INFO  LoginPage:39 - Login button is clicked.
14.01.2025 15:00:49,750 INFO  HomePage:40 - profile Picture button is clicked.
14.01.2025 15:00:51,111 INFO  HomePage:43 - Logout link is cliked.
14.01.2025 15:02:27,117 INFO  LoginPage:33 - Username is entered in username text box
14.01.2025 15:02:27,211 INFO  LoginPage:36 - Pssword is entered in Password text box
14.01.2025 15:02:27,305 INFO  LoginPage:39 - Login button is clicked.
14.01.2025 15:02:29,175 INFO  HomePage:41 - profile Picture button is clicked.
14.01.2025 15:02:31,178 INFO  HomePage:44 - Logout link is cliked.
14.01.2025 15:07:54,354 INFO  LoginPage:33 - Username is entered in username text box
14.01.2025 15:07:54,448 INFO  LoginPage:36 - Pssword is entered in Password text box
14.01.2025 15:07:54,542 INFO  LoginPage:39 - Login button is clicked.
14.01.2025 15:07:56,554 INFO  HomePage:41 - profile Picture button is clicked.
14.01.2025 15:07:58,552 INFO  HomePage:44 - Logout link is cliked.
14.01.2025 15:10:41,100 INFO  LoginPage:33 - Username is entered in username text box
14.01.2025 15:10:41,193 INFO  LoginPage:36 - Pssword is entered in Password text box
14.01.2025 15:10:41,293 INFO  LoginPage:39 - Login button is clicked.
14.01.2025 15:10:43,293 INFO  HomePage:41 - profile Picture button is clicked.
14.01.2025 15:10:45,247 INFO  HomePage:44 - Logout link is cliked.
14.01.2025 15:21:14,498 INFO  LoginPage:33 - Username is entered in username text box
14.01.2025 15:21:14,576 INFO  LoginPage:36 - Pssword is entered in Password text box
14.01.2025 15:21:14,670 INFO  LoginPage:39 - Login button is clicked.
14.01.2025 15:21:16,791 INFO  HomePage:41 - profile Picture button is clicked.
14.01.2025 15:21:18,894 INFO  HomePage:44 - Logout link is cliked.
14.01.2025 15:28:16,635 INFO  LoginPage:33 - Username is entered in username text box
14.01.2025 15:28:16,713 INFO  LoginPage:36 - Pssword is entered in Password text box
14.01.2025 15:28:16,807 INFO  LoginPage:39 - Login button is clicked.
14.01.2025 15:28:18,728 INFO  HomePage:41 - profile Picture button is clicked.
14.01.2025 15:28:20,097 INFO  HomePage:44 - Logout link is cliked.
14.01.2025 15:36:16,948 INFO  LoginPage:33 - Username is entered in username text box
14.01.2025 15:36:17,043 INFO  LoginPage:36 - Pssword is entered in Password text box
14.01.2025 15:36:17,128 INFO  LoginPage:39 - Login button is clicked.
14.01.2025 15:36:19,093 INFO  HomePage:41 - profile Picture button is clicked.
14.01.2025 15:36:22,257 INFO  HomePage:44 - Logout link is cliked.
14.01.2025 15:38:11,878 INFO  LoginPage:33 - Username is entered in username text box
14.01.2025 15:38:11,987 INFO  LoginPage:36 - Pssword is entered in Password text box
14.01.2025 15:38:12,081 INFO  LoginPage:39 - Login button is clicked.
14.01.2025 15:38:14,204 INFO  HomePage:41 - profile Picture button is clicked.
14.01.2025 15:38:17,700 INFO  HomePage:44 - Logout link is cliked.
14.01.2025 15:41:06,171 INFO  LoginPage:33 - Username is entered in username text box
14.01.2025 15:41:06,265 INFO  LoginPage:36 - Password is entered in Password text box
14.01.2025 15:41:06,356 INFO  LoginPage:39 - Login button is clicked.
14.01.2025 15:41:08,513 INFO  HomePage:41 - profile Picture button is clicked.
14.01.2025 15:41:11,889 INFO  HomePage:44 - Logout link is clicked.
14.01.2025 15:42:12,687 INFO  LoginPage:33 - Username is entered in username text box
14.01.2025 15:42:12,780 INFO  LoginPage:36 - Password is entered in Password text box
14.01.2025 15:42:12,890 INFO  LoginPage:39 - Login button is clicked.
14.01.2025 15:42:15,031 INFO  HomePage:41 - profile Picture button is clicked.
14.01.2025 15:42:18,201 INFO  HomePage:44 - Logout link is clicked.
14.01.2025 15:46:45,306 INFO  LoginPage:33 - Username is entered in username text box
14.01.2025 15:46:45,399 INFO  LoginPage:36 - Password is entered in Password text box
14.01.2025 15:46:45,493 INFO  LoginPage:39 - Login button is clicked.
14.01.2025 15:46:48,035 INFO  HomePage:41 - profile Picture button is clicked.
14.01.2025 15:46:50,763 INFO  HomePage:44 - Logout link is clicked.
15.01.2025 19:43:47,614 INFO  LoginPage:33 - Username is entered in username text box
15.01.2025 19:43:47,728 INFO  LoginPage:36 - Password is entered in Password text box
15.01.2025 19:43:47,825 INFO  LoginPage:39 - Login button is clicked.
15.01.2025 19:43:49,699 INFO  HomePage:41 - profile Picture button is clicked.
15.01.2025 19:43:53,140 INFO  HomePage:44 - Logout link is clicked.
16.01.2025 19:17:41,011 INFO  LoginPage:34 - Username is entered in username text box
16.01.2025 19:17:41,505 INFO  LoginPage:37 - Password is entered in Password text box
16.01.2025 19:17:41,707 INFO  LoginPage:40 - Login button is clicked.
16.01.2025 19:17:43,590 INFO  HomePage:42 - profile Picture button is clicked.
16.01.2025 19:17:45,737 INFO  HomePage:46 - Logout link is clicked.
